<?xml version="1.0" encoding="UTF-8"?>
<!-- Generated by org.testng.reporters.JUnitXMLReporter -->
<testsuite ignored="0" hostname="ASUS" failures="1" tests="3" name="Test" time="1.885" errors="0" timestamp="2023-01-06T13:53:10 IST">
  <testcase classname="allurelearning.TestSample" name="openGoogle" time="0.241"/>
  <testcase classname="allurelearning.TestSample" name="loginTest" time="1.228">
    <failure type="java.lang.AssertionError" message="expected [nopCommerce demo store] but found [nopCommerce demo store. Login]">
      <![CDATA[java.lang.AssertionError: expected [nopCommerce demo store] but found [nopCommerce demo store. Login]
at allurelearning.TestSample.loginTest(TestSample.java:63)
at java.base/java.util.ArrayList.forEach(ArrayList.java:1511)
... Removed 33 stack frames]]>
    </failure>
  </testcase> <!-- loginTest -->
  <testcase classname="allurelearning.TestSample" name="registraction" time="0.007">
    <skipped/>
  </testcase> <!-- registraction -->
</testsuite> <!-- Test -->
